{
  "RSpec": {
    "coverage": {
      "/Users/wren/turing/3module/solo_sales/rales_engine/spec/models/invoice_item_spec.rb": {
        "lines": [
          1,
          null,
          1,
          1,
          2,
          2,
          null,
          1,
          2,
          2,
          null,
          null
        ]
      },
      "/Users/wren/turing/3module/solo_sales/rales_engine/spec/models/invoice_spec.rb": {
        "lines": [
          1,
          null,
          1,
          1,
          2,
          null,
          1,
          2,
          2,
          2,
          null,
          null
        ]
      },
      "/Users/wren/turing/3module/solo_sales/rales_engine/spec/models/item_spec.rb": {
        "lines": [
          1,
          null,
          1,
          1,
          2,
          2,
          2,
          null,
          1,
          2,
          2,
          2,
          null,
          null
        ]
      },
      "/Users/wren/turing/3module/solo_sales/rales_engine/spec/models/merchant_spec.rb": {
        "lines": [
          1,
          null,
          1,
          1,
          2,
          null,
          1,
          2,
          2,
          2,
          2,
          null,
          null,
          null
        ]
      },
      "/Users/wren/turing/3module/solo_sales/rales_engine/spec/models/transaction_spec.rb": {
        "lines": [
          1,
          null,
          1,
          1,
          2,
          null,
          1,
          2,
          null,
          null
        ]
      },
      "/Users/wren/turing/3module/solo_sales/rales_engine/spec/requests/api/v1/customer_spec.rb": {
        "lines": [
          1,
          null,
          1,
          1,
          1,
          1,
          null,
          1,
          1,
          1,
          null,
          null,
          1,
          1,
          1,
          1,
          null,
          1,
          1,
          1,
          null,
          null,
          1,
          1,
          1,
          1,
          1,
          1,
          1,
          null,
          1,
          1,
          1,
          null,
          null,
          1,
          1,
          1,
          1,
          1,
          1,
          1,
          1,
          1,
          null,
          0,
          0,
          0,
          null,
          null
        ]
      },
      "/Users/wren/turing/3module/solo_sales/rales_engine/spec/requests/api/v1/invoice_items_spec.rb": {
        "lines": [
          1,
          null,
          1,
          1,
          1,
          1,
          null,
          1,
          1,
          1,
          null,
          null,
          1,
          1,
          1,
          1,
          null,
          1,
          1,
          1,
          null,
          null,
          1,
          1,
          1,
          1,
          1,
          1,
          1,
          1,
          null,
          1,
          1,
          1,
          null,
          null,
          1,
          1,
          1,
          1,
          1,
          1,
          1,
          1,
          null,
          1,
          1,
          1,
          null,
          null
        ]
      },
      "/Users/wren/turing/3module/solo_sales/rales_engine/spec/requests/api/v1/invoice_spec.rb": {
        "lines": [
          1,
          null,
          1,
          1,
          1,
          1,
          null,
          1,
          1,
          1,
          null,
          null,
          1,
          1,
          1,
          1,
          null,
          1,
          1,
          1,
          null,
          null,
          1,
          1,
          1,
          1,
          null,
          1,
          1,
          1,
          null,
          null,
          1,
          1,
          1,
          1,
          1,
          1,
          null,
          1,
          1,
          1,
          null,
          null,
          1,
          1,
          null,
          1,
          1,
          1,
          1,
          1,
          1,
          1,
          null,
          1,
          1,
          1,
          null,
          null,
          1,
          1,
          1,
          1,
          1,
          1,
          1,
          null,
          1,
          null,
          1,
          1,
          1,
          null,
          null,
          1,
          1,
          1,
          1,
          1,
          1,
          1,
          1,
          null,
          1,
          1,
          1,
          null,
          null,
          1,
          1,
          1,
          1,
          1,
          1,
          1,
          1,
          null,
          1,
          1,
          1,
          null,
          null,
          1,
          1,
          1,
          1,
          1,
          1,
          null,
          1,
          1,
          1,
          null,
          null,
          1,
          1,
          1,
          1,
          1,
          1,
          null,
          1,
          1,
          1,
          null,
          null
        ]
      },
      "/Users/wren/turing/3module/solo_sales/rales_engine/spec/requests/api/v1/item_spec.rb": {
        "lines": [
          1,
          null,
          1,
          1,
          1,
          1,
          null,
          1,
          1,
          1,
          null,
          null,
          1,
          1,
          1,
          1,
          null,
          1,
          1,
          1,
          null,
          null,
          1,
          1,
          1,
          1,
          null,
          1,
          1,
          1,
          null,
          null,
          1,
          1,
          1,
          1,
          null,
          1,
          1,
          1,
          null,
          null,
          1,
          1,
          1,
          1,
          null,
          1,
          1,
          1,
          null,
          null,
          1,
          1,
          1,
          1,
          1,
          1,
          1,
          1,
          1,
          1,
          null,
          1,
          1,
          1,
          null,
          null,
          1,
          1,
          1,
          1,
          null,
          1,
          1,
          1,
          null,
          null
        ]
      },
      "/Users/wren/turing/3module/solo_sales/rales_engine/spec/requests/api/v1/merchant_spec.rb": {
        "lines": [
          1,
          null,
          1,
          1,
          1,
          1,
          null,
          1,
          1,
          1,
          null,
          null,
          1,
          1,
          1,
          1,
          null,
          1,
          1,
          1,
          null,
          null,
          1,
          null,
          1,
          1,
          1,
          1,
          1,
          1,
          1,
          null,
          1,
          1,
          1,
          null,
          1,
          1,
          1,
          null,
          1,
          1,
          1,
          null,
          null,
          1,
          0,
          0,
          null,
          null,
          null,
          null,
          null,
          null,
          null,
          null,
          0,
          0,
          0,
          null,
          0,
          0,
          0,
          null,
          0,
          0,
          0,
          null,
          0,
          null,
          0,
          0,
          0,
          0,
          0,
          null,
          0,
          0,
          null,
          0,
          0,
          0,
          null,
          0,
          0,
          null,
          0,
          0,
          0,
          null,
          null,
          1,
          1,
          1,
          1,
          1,
          null,
          1,
          1,
          1,
          null,
          null,
          1,
          1,
          1,
          1,
          null,
          1,
          1,
          1,
          null,
          null,
          1,
          1,
          1,
          1,
          1,
          null,
          1,
          1,
          1,
          1,
          null,
          null,
          1,
          1,
          1,
          1,
          null,
          1,
          null,
          1,
          1,
          null,
          null,
          1,
          null,
          1,
          1,
          1,
          1,
          1,
          1,
          1,
          null,
          1,
          1,
          1,
          null,
          1,
          1,
          1,
          null,
          1,
          1,
          1,
          null,
          null,
          null,
          null,
          null,
          null,
          null,
          null,
          null,
          null,
          null,
          null,
          null,
          null,
          null,
          null,
          null,
          null,
          null,
          null,
          null,
          null,
          null,
          null,
          null
        ]
      },
      "/Users/wren/turing/3module/solo_sales/rales_engine/spec/requests/api/v1/transaction_spec.rb": {
        "lines": [
          1,
          null,
          1,
          1,
          1,
          1,
          null,
          1,
          1,
          1,
          null,
          null,
          1,
          1,
          1,
          1,
          null,
          1,
          1,
          1,
          null,
          null,
          1,
          1,
          1,
          1,
          null,
          1,
          1,
          1,
          null,
          null,
          1,
          1,
          1,
          1,
          null,
          1,
          1,
          1,
          null,
          null,
          1,
          1,
          1,
          1,
          null,
          1,
          1,
          1,
          null,
          null,
          1,
          1,
          1,
          1,
          null,
          1,
          1,
          1,
          null,
          null,
          1,
          1,
          1,
          1,
          1,
          1,
          1,
          1,
          null,
          1,
          1,
          1,
          null,
          null,
          null,
          null,
          null,
          null,
          null,
          null,
          null,
          null,
          null,
          null,
          null,
          null,
          null,
          null,
          null,
          null,
          null,
          null,
          null
        ]
      },
      "/Users/wren/turing/3module/solo_sales/rales_engine/app/controllers/api/v1/customers_controller.rb": {
        "lines": [
          1,
          null,
          1,
          1,
          1,
          null,
          0,
          null,
          null,
          null,
          1,
          2,
          1,
          1,
          null,
          1,
          null,
          null,
          null,
          1,
          1,
          null,
          null,
          1,
          2,
          null,
          null
        ]
      },
      "/Users/wren/turing/3module/solo_sales/rales_engine/app/controllers/application_controller.rb": {
        "lines": [
          1,
          null
        ]
      },
      "/Users/wren/turing/3module/solo_sales/rales_engine/app/serializers/customer_serializer.rb": {
        "lines": [
          1,
          1,
          1,
          1,
          null,
          null
        ]
      },
      "/Users/wren/turing/3module/solo_sales/rales_engine/app/controllers/api/v1/invoices_controller.rb": {
        "lines": [
          1,
          null,
          1,
          5,
          5,
          null,
          0,
          null,
          null,
          null,
          1,
          5,
          1,
          1,
          null,
          4,
          null,
          null,
          null,
          1,
          4,
          null,
          null,
          1,
          10,
          null,
          null
        ]
      },
      "/Users/wren/turing/3module/solo_sales/rales_engine/app/serializers/invoice_serializer.rb": {
        "lines": [
          1,
          1,
          1,
          1,
          1,
          1,
          null,
          null
        ]
      },
      "/Users/wren/turing/3module/solo_sales/rales_engine/app/controllers/api/v1/transactions_controller.rb": {
        "lines": [
          1,
          null,
          1,
          3,
          1,
          1,
          1,
          1,
          null,
          0,
          2,
          2,
          null,
          0,
          null,
          null,
          null,
          1,
          5,
          null,
          null,
          1,
          5,
          null,
          null,
          1,
          4,
          null,
          null
        ]
      },
      "/Users/wren/turing/3module/solo_sales/rales_engine/app/controllers/api/v1/invoice_items_controller.rb": {
        "lines": [
          1,
          null,
          1,
          3,
          3,
          null,
          0,
          null,
          null,
          null,
          1,
          1,
          null,
          null,
          1,
          1,
          null,
          null,
          1,
          6,
          null,
          null
        ]
      },
      "/Users/wren/turing/3module/solo_sales/rales_engine/app/serializers/invoice_item_serializer.rb": {
        "lines": [
          1,
          1,
          1,
          1,
          1,
          null,
          1,
          9,
          null,
          null,
          null
        ]
      },
      "/Users/wren/turing/3module/solo_sales/rales_engine/app/controllers/api/v1/items_controller.rb": {
        "lines": [
          1,
          null,
          1,
          4,
          2,
          2,
          2,
          1,
          1,
          1,
          1,
          null,
          0,
          null,
          null,
          null,
          1,
          5,
          1,
          1,
          null,
          4,
          null,
          null,
          null,
          1,
          10,
          null,
          null,
          1,
          4,
          null,
          null
        ]
      },
      "/Users/wren/turing/3module/solo_sales/rales_engine/app/serializers/item_serializer.rb": {
        "lines": [
          1,
          1,
          1,
          1,
          1,
          null,
          1,
          20,
          null,
          null
        ]
      },
      "/Users/wren/turing/3module/solo_sales/rales_engine/app/serializers/transaction_serializer.rb": {
        "lines": [
          1,
          1,
          1,
          1,
          null,
          null
        ]
      },
      "/Users/wren/turing/3module/solo_sales/rales_engine/app/controllers/api/v1/merchants_controller.rb": {
        "lines": [
          1,
          null,
          1,
          3,
          1,
          2,
          1,
          1,
          0,
          1,
          0,
          null,
          1,
          null,
          null,
          null,
          1,
          5,
          0,
          5,
          1,
          1,
          4,
          1,
          3,
          0,
          3,
          1,
          1,
          2,
          0,
          null,
          2,
          null,
          null,
          null,
          null,
          null
        ]
      },
      "/Users/wren/turing/3module/solo_sales/rales_engine/app/serializers/merchant_serializer.rb": {
        "lines": [
          1,
          1,
          1,
          1,
          1,
          1,
          null
        ]
      }
    },
    "timestamp": 1580742813
  }
}
